CRITICAL - 2022-08-21 20:54:36 --> Invalid file: auth/login.php
in SYSTEMPATH\Exceptions\FrameworkException.php on line 33.
 1 SYSTEMPATH\View\View.php(201): CodeIgniter\Exceptions\FrameworkException::forInvalidFile()
 2 SYSTEMPATH\Common.php(1137): CodeIgniter\View\View->render()
 3 APPPATH\Controllers\Auth.php(24): view()
 4 SYSTEMPATH\CodeIgniter.php(904): App\Controllers\Auth->login()
 5 SYSTEMPATH\CodeIgniter.php(457): CodeIgniter\CodeIgniter->runController()
 6 SYSTEMPATH\CodeIgniter.php(340): CodeIgniter\CodeIgniter->handleRequest()
 7 FCPATH\index.php(67): CodeIgniter\CodeIgniter->run()
 8 SYSTEMPATH\Commands\Server\rewrite.php(43): require_once('FCPATH\\index.php')
ERROR - 2022-08-21 21:00:22 --> mysqli_sql_exception: Table 'trial_ci4.user' doesn't exist in C:\xampp\htdocs\codeigniter\trial_ci4\system\Database\MySQLi\Connection.php:292
Stack trace:
#0 C:\xampp\htdocs\codeigniter\trial_ci4\system\Database\MySQLi\Connection.php(292): mysqli->query()
#1 C:\xampp\htdocs\codeigniter\trial_ci4\system\Database\BaseConnection.php(693): CodeIgniter\Database\MySQLi\Connection->execute()
#2 C:\xampp\htdocs\codeigniter\trial_ci4\system\Database\BaseConnection.php(620): CodeIgniter\Database\BaseConnection->simpleQuery()
#3 C:\xampp\htdocs\codeigniter\trial_ci4\system\Database\BaseBuilder.php(1585): CodeIgniter\Database\BaseConnection->query()
#4 C:\xampp\htdocs\codeigniter\trial_ci4\system\Validation\Rules.php(142): CodeIgniter\Database\BaseBuilder->get()
#5 C:\xampp\htdocs\codeigniter\trial_ci4\system\Validation\Validation.php(308): CodeIgniter\Validation\Rules->is_unique()
#6 C:\xampp\htdocs\codeigniter\trial_ci4\system\Validation\Validation.php(175): CodeIgniter\Validation\Validation->processRules()
#7 C:\xampp\htdocs\codeigniter\trial_ci4\app\Controllers\Auth.php(39): CodeIgniter\Validation\Validation->run()
#8 C:\xampp\htdocs\codeigniter\trial_ci4\system\CodeIgniter.php(904): App\Controllers\Auth->valid_register()
#9 C:\xampp\htdocs\codeigniter\trial_ci4\system\CodeIgniter.php(457): CodeIgniter\CodeIgniter->runController()
#10 C:\xampp\htdocs\codeigniter\trial_ci4\system\CodeIgniter.php(340): CodeIgniter\CodeIgniter->handleRequest()
#11 C:\xampp\htdocs\codeigniter\trial_ci4\public\index.php(67): CodeIgniter\CodeIgniter->run()
#12 C:\xampp\htdocs\codeigniter\trial_ci4\system\Commands\Server\rewrite.php(43): require_once('C:\\xampp\\htdocs...')
#13 {main}
CRITICAL - 2022-08-21 21:00:22 --> Table 'trial_ci4.user' doesn't exist
in SYSTEMPATH\Database\MySQLi\Connection.php on line 292.
 1 SYSTEMPATH\Database\MySQLi\Connection.php(292): mysqli->query()
 2 SYSTEMPATH\Database\BaseConnection.php(693): CodeIgniter\Database\MySQLi\Connection->execute()
 3 SYSTEMPATH\Database\BaseConnection.php(620): CodeIgniter\Database\BaseConnection->simpleQuery()
 4 SYSTEMPATH\Database\BaseBuilder.php(1585): CodeIgniter\Database\BaseConnection->query()
 5 SYSTEMPATH\Validation\Rules.php(142): CodeIgniter\Database\BaseBuilder->get()
 6 SYSTEMPATH\Validation\Validation.php(308): CodeIgniter\Validation\Rules->is_unique()
 7 SYSTEMPATH\Validation\Validation.php(175): CodeIgniter\Validation\Validation->processRules()
 8 APPPATH\Controllers\Auth.php(39): CodeIgniter\Validation\Validation->run()
 9 SYSTEMPATH\CodeIgniter.php(904): App\Controllers\Auth->valid_register()
10 SYSTEMPATH\CodeIgniter.php(457): CodeIgniter\CodeIgniter->runController()
11 SYSTEMPATH\CodeIgniter.php(340): CodeIgniter\CodeIgniter->handleRequest()
12 FCPATH\index.php(67): CodeIgniter\CodeIgniter->run()
13 SYSTEMPATH\Commands\Server\rewrite.php(43): require_once('FCPATH\\index.php')
CRITICAL - 2022-08-21 21:16:12 --> syntax error, unexpected '<'
in APPPATH\Controllers\Auth.php on line 81.
 1 SYSTEMPATH\Autoloader\Autoloader.php(259): CodeIgniter\Autoloader\Autoloader->includeFile()
 2 SYSTEMPATH\Autoloader\Autoloader.php(237): CodeIgniter\Autoloader\Autoloader->loadInNamespace()
 3 [internal function]: CodeIgniter\Autoloader\Autoloader->loadClass()
 4 [internal function]: spl_autoload_call()
 5 SYSTEMPATH\CodeIgniter.php(854): class_exists()
 6 SYSTEMPATH\CodeIgniter.php(444): CodeIgniter\CodeIgniter->startController()
 7 SYSTEMPATH\CodeIgniter.php(340): CodeIgniter\CodeIgniter->handleRequest()
 8 FCPATH\index.php(67): CodeIgniter\CodeIgniter->run()
 9 SYSTEMPATH\Commands\Server\rewrite.php(43): require_once('FCPATH\\index.php')
